<?xml version="1.0" encoding="UTF-8"?>
<!-- Generated by org.testng.reporters.JUnitReportReporter -->
<testsuite hostname="LAPTOP-R0I62GCV" failures="0" tests="1" name="passingDataInCommantLine.LoginVtiger" time="29.998" errors="0" timestamp="2022-03-23T13:07:49 IST" skipped="0">
  <testcase classname="passingDataInCommantLine.LoginVtiger" name="login" time="29.998"/>
  <system-out/>
</testsuite> <!-- passingDataInCommantLine.LoginVtiger -->
